 
                                                                           
 
                            The LOESS Procedure

                       Independent Variable Scaling
 
                           Scaling applied: None
 
                 Statistic                           month

                 Minimum Value                     1.00000
                 Maximum Value                   120.00000
 
                                                                           
 
                            The LOESS Procedure
                         Dependent Variable: rate

                             Optimal Smoothing
                                 Criterion
 
                                         Smoothing
                               AICC      Parameter

                            1.13288        0.21250
 
                                                                           
 
                            The LOESS Procedure
                    Selected Smoothing Parameter: 0.213
                         Dependent Variable: rate

                               Fit Summary

              Fit Method                             kd Tree
              Blending                                Linear
              Number of Observations                     120
              Number of Fitting Points                    33
              kd Tree Bucket Size                          5
              Degree of Local Polynomials                  1
              Smoothing Parameter                    0.21250
              Points in Local Neighborhood                25
              Residual Sum of Squares              113.39912
              Trace[L]                               9.29721
              GCV                                    0.00925
              AICC                                   1.13288
              AICC1                                136.27284
              Delta1                               109.06488
              Delta2                               108.23569
              Equivalent Number of Parameters        7.65929
              Lookup Degrees of Freedom            109.90042
              Residual Standard Error                1.01968
 
                                                                           
 
       Smoothing                 Dep
   Obs Parameter      Obs month  Var        Pred     LowerCL     UpperCL

     1   0.2125         1    1   6.0     5.43046     4.53901     6.32190
     2   0.2125         2    2   6.7     5.46287     4.64449     6.28124
     3   0.2125         3    3   4.9     5.49528     4.74651     6.24405
     4   0.2125         4    4   4.4     5.52769     4.84401     6.21137
     5   0.2125         5    5   5.8     5.56136     4.93570     6.18702
     6   0.2125         6    6   4.8     5.59503     5.02139     6.16866
     7   0.2125         7    7   5.5     5.62869     5.09933     6.15806
     8   0.2125         8    8   6.7     5.66236     5.16742     6.15731
     9   0.2125         9    9   4.7     5.69768     5.22701     6.16835
    10   0.2125        10   10   5.6     5.73300     5.27471     6.19128
    11   0.2125        11   11   6.5     5.76831     5.30956     6.22707
    12   0.2125        12   12   6.0     5.80363     5.33158     6.27569
    13   0.2125        13   13   4.7     5.83048     5.36165     6.29931
    14   0.2125        14   14   5.1     5.85733     5.38205     6.33261
    15   0.2125        15   15   7.2     5.88418     5.39317     6.37519
    16   0.2125        16   16   6.1     5.84043     5.36404     6.31683
    17   0.2125        17   17   7.7     5.79669     5.32527     6.26812
    18   0.2125        18   18   5.7     5.75295     5.27655     6.22934
    19   0.2125        19   19   7.1     5.70921     5.21820     6.20022
    20   0.2125        20   20   4.2     5.63459     5.15819     6.11098
    21   0.2125        21   21   5.8     5.55997     5.08855     6.03139
    22   0.2125        22   22   5.1     5.48535     5.00895     5.96175
    23   0.2125        23   23   6.3     5.41073     4.91972     5.90174
    24   0.2125        24   24   5.1     5.32608     4.84968     5.80248
    25   0.2125        25   25   3.9     5.24143     4.77000     5.71285
    26   0.2125        26   26   4.7     5.15678     4.68038     5.63317
    27   0.2125        27   27   4.4     5.07212     4.58111     5.56313
    28   0.2125        28   28   5.9     5.03673     4.55591     5.51756
    29   0.2125        29   29   4.1     5.00135     4.52052     5.48217
    30   0.2125        30   30   5.8     4.96596     4.47495     5.45697
    31   0.2125        31   31   4.9     4.98185     4.50545     5.45825
    32   0.2125        32   32   5.4     4.99774     4.52632     5.46917
    33   0.2125        33   33   3.9     5.01363     4.53724     5.49003
    34   0.2125        34   34   6.0     5.02953     4.53852     5.52054
    35   0.2125        35   35   4.1     5.01657     4.54018     5.49297
    36   0.2125        36   36   4.6     5.00362     4.53220     5.47505
    37   0.2125        37   37   5.7     4.99067     4.51427     5.46706
    38   0.2125        38   38   5.0     4.97772     4.48671     5.46873
    39   0.2125        39   39   4.5     4.94941     4.47301     5.42581
    40   0.2125        40   40   6.9     4.92111     4.44968     5.39253
    41   0.2125        41   41   5.6     4.89280     4.41640     5.36920
    42   0.2125        42   42   4.6     4.86450     4.37349     5.35551
    43   0.2125        43   43   4.4     4.84536     4.36453     5.32618
    44   0.2125        44   44   4.1     4.82622     4.34540     5.30704
    45   0.2125        45   45   3.2     4.80708     4.31607     5.29809
    46   0.2125        46   46   6.3     4.78707     4.31067     5.26346
    47   0.2125        47   47   4.2     4.76705     4.29563     5.23848
    48   0.2125        48   48   4.7     4.74704     4.27064     5.22343
    49   0.2125        49   49   4.3     4.72702     4.23601     5.21803
    50   0.2125        50   50   4.3     4.73597     4.25958     5.21237
    51   0.2125        51   51   4.5     4.74492     4.27350     5.21635
    52   0.2125        52   52   6.7     4.75387     4.27748     5.23027
    53   0.2125        53   53   3.9     4.76282     4.27181     5.25383
    54   0.2125        54   54   4.6     4.76167     4.28527     5.23806
    55   0.2125        55   55   5.8     4.76051     4.28908     5.23193
    56   0.2125        56   56   3.8     4.75935     4.28295     5.23575
    57   0.2125        57   57   5.5     4.75819     4.26718     5.24920
    58   0.2125        58   58   4.7     4.74338     4.26256     5.22421
    59   0.2125        59   59   5.0     4.72858     4.24775     5.20940
    60   0.2125        60   60   4.2     4.71377     4.22276     5.20478
    61   0.2125        61   61   5.0     4.73277     4.25637     5.20916
    62   0.2125        62   62   4.5     4.75177     4.28034     5.22319
    63   0.2125        63   63   3.7     4.77077     4.29437     5.24716
    64   0.2125        64   64   5.5     4.78977     4.29876     5.28078
    65   0.2125        65   65   5.4     4.85332     4.37693     5.32972
    66   0.2125        66   66   2.6     4.91688     4.44545     5.38830
    67   0.2125        67   67   5.0     4.98043     4.50403     5.45683
    68   0.2125        68   68   4.9     5.04398     4.55297     5.53499
    69   0.2125        69   69   5.7     5.11121     4.63481     5.58761
    70   0.2125        70   70   4.3     5.17844     4.70701     5.64986
    71   0.2125        71   71   5.3     5.24566     4.76927     5.72206
    72   0.2125        72   72   7.1     5.31289     4.82188     5.80390
    73   0.2125        73   73   7.5     5.40079     4.91997     5.88162
    74   0.2125        74   74   4.1     5.48869     5.00787     5.96951
    75   0.2125        75   75   5.1     5.57659     5.08558     6.06760
    76   0.2125        76   76   5.7     5.71575     5.23935     6.19214
    77   0.2125        77   77   4.8     5.85491     5.38348     6.32633
    78   0.2125        78   78   6.1     5.99406     5.51767     6.47046
    79   0.2125        79   79   6.3     6.13322     5.64221     6.62423
    80   0.2125        80   80   4.1     6.33778     5.86138     6.81418
    81   0.2125        81   81   5.7     6.54234     6.07092     7.01376
    82   0.2125        82   82   7.2     6.74690     6.27050     7.22330
    83   0.2125        83   83   6.0     6.95146     6.46045     7.44247
    84   0.2125        84   84   7.2     7.19411     6.71771     7.67051
    85   0.2125        85   85   8.0     7.43676     6.96533     7.90818
    86   0.2125        86   86   8.7     7.67941     7.20301     8.15581
    87   0.2125        87   87   8.5     7.92206     7.43105     8.41307
    88   0.2125        88   88   9.1     8.11988     7.63906     8.60071
    89   0.2125        89   89   7.5     8.31771     7.83688     8.79853
    90   0.2125        90   90  10.5     8.51553     8.02452     9.00654
    91   0.2125        91   91   8.5     8.64453     8.16814     9.12093
    92   0.2125        92   92   7.4     8.77353     8.30211     9.24496
    93   0.2125        93   93  10.5     8.90253     8.42614     9.37893
    94   0.2125        94   94   8.9     9.03153     8.54052     9.52254
    95   0.2125        95   95   8.5     9.13554     8.65914     9.61193
    96   0.2125        96   96   9.9     9.23954     8.76812     9.71097
    97   0.2125        97   97   8.3     9.34355     8.86715     9.81994
    98   0.2125        98   98   9.9     9.44755     8.95654     9.93856
    99   0.2125        99   99   7.2     9.51749     9.04109     9.99389
   100   0.2125       100  100   9.5     9.58743     9.11600    10.05885
   101   0.2125       101  101  10.5     9.65737     9.18097    10.13376
   102   0.2125       102  102  11.9     9.72731     9.23629    10.21832
   103   0.2125       103  103  11.4     9.74320     9.26237    10.22402
   104   0.2125       104  104   8.0     9.75909     9.27826    10.23991
   105   0.2125       105  105  10.5     9.77498     9.28396    10.26599
   106   0.2125       106  106  11.2     9.73497     9.26202    10.20793
   107   0.2125       107  107   9.2     9.69497     9.23146    10.15848
   108   0.2125       108  108   9.5     9.65496     9.19176    10.11817
   109   0.2125       109  109  10.0     9.61496     9.14290    10.08701
   110   0.2125       110  110  10.3     9.52950     9.07074     9.98826
   111   0.2125       111  111   9.1     9.44404     8.98576     9.90232
   112   0.2125       112  112   8.1     9.35858     8.88791     9.82925
   113   0.2125       113  113   7.9     9.27312     8.77817     9.76807
   114   0.2125       114  114   9.5     9.18398     8.65461     9.71335
   115   0.2125       115  115  10.7     9.09484     8.52121     9.66848
   116   0.2125       116  116   8.5     9.00570     8.38004     9.63136
   117   0.2125       117  117   9.1     8.91656     8.23289     9.60024
   118   0.2125       118  118   8.7     8.83072     8.08195     9.57948
   119   0.2125       119  119   9.0     8.74487     7.92649     9.56324
   120   0.2125       120  120   8.6     8.65902     7.76758     9.55046
